<?xml version="1.0" encoding="UTF-8"?>
<!-- Generated by org.testng.reporters.JUnitReportReporter -->
<testsuite skipped="0" hostname="Mahi-PC" name="testngg.ParametersXml" tests="1" failures="0" timestamp="30 Nov 2017 09:38:35 GMT" time="40.793" errors="0">
  <testcase name="test" time="40.793" classname="testngg.ParametersXml"/>
</testsuite> <!-- testngg.ParametersXml -->
